<?xml version="1.0" encoding="UTF-8"?>
<testsuite name="uTest" tests="1" skipped="0" failures="0" errors="0" timestamp="2021-07-27T14:47:16" hostname="CHPAP8XKWD82" time="35.827">
  <properties/>
  <testcase name="Create user on the utest website" classname="uTest" time="35.827"/>
  <system-out><![CDATA[]]></system-out>
  <system-err><![CDATA[[Test worker] WARN net.thucydides.core.steps.BaseStepListener - stepStarted: net.thucydides.core.steps.ExecutedStepDescription@57617fb8
[Test worker] WARN net.thucydides.core.steps.BaseStepListener - stepStarted: net.thucydides.core.steps.ExecutedStepDescription@7b7054e8
[Test worker] WARN net.thucydides.core.steps.BaseStepListener - stepStarted: net.thucydides.core.steps.ExecutedStepDescription@1f008c89
jul 27, 2021 9:47:17 AM org.openqa.selenium.remote.DesiredCapabilities chrome
INFORMACIÓN: Using `new ChromeOptions()` is preferred to `DesiredCapabilities.chrome()`
[Test worker] INFO net.serenitybdd.core.webdriver.driverproviders.ProvideNewDriver - Instantiating driver
[Test worker] INFO net.serenitybdd.core.webdriver.driverproviders.ProvideNewDriver - Driver capabilities: Capabilities {acceptInsecureCerts: false, browserName: chrome, goog:chromeOptions: {args: [], extensions: []}, loggingPrefs: org.openqa.selenium.logging..., platform: ANY, version: }
Starting ChromeDriver 91.0.4472.101 (af52a90bf87030dd1523486a1cd3ae25c5d76c9b-refs/branch-heads/4472@{#1462}) on port 44586
Only local connections are allowed.
Please see https://chromedriver.chromium.org/security-considerations for suggestions on keeping ChromeDriver safe.
ChromeDriver was started successfully.
jul 27, 2021 9:47:22 AM org.openqa.selenium.remote.ProtocolHandshake createSession
INFORMACIÓN: Detected dialect: W3C
[Test worker] WARN net.thucydides.core.steps.BaseStepListener - stepFinished: current outcome:Create user on the utest website:Given that Dante wants create user on utest website and enters the page [Dante open up [Dante opens the Utest page]]
[Test worker] WARN net.thucydides.core.steps.BaseStepListener - stepFinished: current outcome:Create user on the utest website:Given that Dante wants create user on utest website and enters the page [Dante open up [Dante opens the Utest page]]
[Test worker] WARN net.thucydides.core.steps.BaseStepListener - stepFinished: current outcome:Create user on the utest website:Given that Dante wants create user on utest website and enters the page [Dante open up [Dante opens the Utest page]]
[Test worker] WARN net.thucydides.core.steps.BaseStepListener - stepStarted: net.thucydides.core.steps.ExecutedStepDescription@21161e31
[Test worker] WARN net.thucydides.core.steps.BaseStepListener - stepStarted: net.thucydides.core.steps.ExecutedStepDescription@6062c568
[Test worker] WARN net.thucydides.core.steps.BaseStepListener - stepStarted: net.thucydides.core.steps.ExecutedStepDescription@4c4a5415
[Test worker] WARN net.thucydides.core.steps.BaseStepListener - stepFinished: current outcome:Create user on the utest website:Given that Dante wants create user on utest website and enters the page [Dante open up [Dante opens the Utest page]], When he filled out the registration from on the utest website
| strFirstName | strLastName | strEmail | strBirthMonth | strBirthDay | strBirthYear | strLanguage | strPostalCode | strPassword | strConfirmPassword |
| Jose | Santamaria | alefuedbz21@gmail.com | January | 1 | 1996 | Spanish | 507 | Jose210596 | Jose210596 | [Dante register on utest [Dante clicks on button that show the from to join up]]
[Test worker] WARN net.thucydides.core.steps.BaseStepListener - stepStarted: net.thucydides.core.steps.ExecutedStepDescription@49913fcc
[Test worker] WARN net.thucydides.core.steps.BaseStepListener - stepFinished: current outcome:Create user on the utest website:Given that Dante wants create user on utest website and enters the page [Dante open up [Dante opens the Utest page]], When he filled out the registration from on the utest website
| strFirstName | strLastName | strEmail | strBirthMonth | strBirthDay | strBirthYear | strLanguage | strPostalCode | strPassword | strConfirmPassword |
| Jose | Santamaria | alefuedbz21@gmail.com | January | 1 | 1996 | Spanish | 507 | Jose210596 | Jose210596 | [Dante register on utest [Dante clicks on button that show the from to join up, Dante enters 'Jose' into Where do write his first name]]
[Test worker] WARN net.thucydides.core.steps.BaseStepListener - stepStarted: net.thucydides.core.steps.ExecutedStepDescription@53887763
[Test worker] WARN net.thucydides.core.steps.BaseStepListener - stepFinished: current outcome:Create user on the utest website:Given that Dante wants create user on utest website and enters the page [Dante open up [Dante opens the Utest page]], When he filled out the registration from on the utest website
| strFirstName | strLastName | strEmail | strBirthMonth | strBirthDay | strBirthYear | strLanguage | strPostalCode | strPassword | strConfirmPassword |
| Jose | Santamaria | alefuedbz21@gmail.com | January | 1 | 1996 | Spanish | 507 | Jose210596 | Jose210596 | [Dante register on utest [Dante clicks on button that show the from to join up, Dante enters 'Jose' into Where do write his first name, Dante enters 'Santamaria' into Where do write his last name]]
[Test worker] WARN net.thucydides.core.steps.BaseStepListener - stepStarted: net.thucydides.core.steps.ExecutedStepDescription@25333573
[Test worker] WARN net.thucydides.core.steps.BaseStepListener - stepFinished: current outcome:Create user on the utest website:Given that Dante wants create user on utest website and enters the page [Dante open up [Dante opens the Utest page]], When he filled out the registration from on the utest website
| strFirstName | strLastName | strEmail | strBirthMonth | strBirthDay | strBirthYear | strLanguage | strPostalCode | strPassword | strConfirmPassword |
| Jose | Santamaria | alefuedbz21@gmail.com | January | 1 | 1996 | Spanish | 507 | Jose210596 | Jose210596 | [Dante register on utest [Dante clicks on button that show the from to join up, Dante enters 'Jose' into Where do write his first name, Dante enters 'Santamaria' into Where do write his last name, Dante enters 'alefuedbz21@gmail.com' into Where do write his email]]
[Test worker] WARN net.thucydides.core.steps.BaseStepListener - stepStarted: net.thucydides.core.steps.ExecutedStepDescription@2c67df20
[Test worker] WARN net.thucydides.core.steps.BaseStepListener - stepFinished: current outcome:Create user on the utest website:Given that Dante wants create user on utest website and enters the page [Dante open up [Dante opens the Utest page]], When he filled out the registration from on the utest website
| strFirstName | strLastName | strEmail | strBirthMonth | strBirthDay | strBirthYear | strLanguage | strPostalCode | strPassword | strConfirmPassword |
| Jose | Santamaria | alefuedbz21@gmail.com | January | 1 | 1996 | Spanish | 507 | Jose210596 | Jose210596 | [Dante register on utest [Dante clicks on button that show the from to join up, Dante enters 'Jose' into Where do write his first name, Dante enters 'Santamaria' into Where do write his last name, Dante enters 'alefuedbz21@gmail.com' into Where do write his email, Dante select January on Where do select his birth month]]
[Test worker] WARN net.thucydides.core.steps.BaseStepListener - stepStarted: net.thucydides.core.steps.ExecutedStepDescription@18a350b6
[Test worker] WARN net.thucydides.core.steps.BaseStepListener - stepFinished: current outcome:Create user on the utest website:Given that Dante wants create user on utest website and enters the page [Dante open up [Dante opens the Utest page]], When he filled out the registration from on the utest website
| strFirstName | strLastName | strEmail | strBirthMonth | strBirthDay | strBirthYear | strLanguage | strPostalCode | strPassword | strConfirmPassword |
| Jose | Santamaria | alefuedbz21@gmail.com | January | 1 | 1996 | Spanish | 507 | Jose210596 | Jose210596 | [Dante register on utest [Dante clicks on button that show the from to join up, Dante enters 'Jose' into Where do write his first name, Dante enters 'Santamaria' into Where do write his last name, Dante enters 'alefuedbz21@gmail.com' into Where do write his email, Dante select January on Where do select his birth month, Dante select 1 on Where do select his birth day]]
[Test worker] WARN net.thucydides.core.steps.BaseStepListener - stepStarted: net.thucydides.core.steps.ExecutedStepDescription@71b998e7
[Test worker] WARN net.thucydides.core.steps.BaseStepListener - stepFinished: current outcome:Create user on the utest website:Given that Dante wants create user on utest website and enters the page [Dante open up [Dante opens the Utest page]], When he filled out the registration from on the utest website
| strFirstName | strLastName | strEmail | strBirthMonth | strBirthDay | strBirthYear | strLanguage | strPostalCode | strPassword | strConfirmPassword |
| Jose | Santamaria | alefuedbz21@gmail.com | January | 1 | 1996 | Spanish | 507 | Jose210596 | Jose210596 | [Dante register on utest [Dante clicks on button that show the from to join up, Dante enters 'Jose' into Where do write his first name, Dante enters 'Santamaria' into Where do write his last name, Dante enters 'alefuedbz21@gmail.com' into Where do write his email, Dante select January on Where do select his birth month, Dante select 1 on Where do select his birth day, Dante select 1996 on Where do select his birth year]]
[Test worker] WARN net.thucydides.core.steps.BaseStepListener - stepStarted: net.thucydides.core.steps.ExecutedStepDescription@6f7c7a6f
[Test worker] WARN net.thucydides.core.steps.BaseStepListener - stepFinished: current outcome:Create user on the utest website:Given that Dante wants create user on utest website and enters the page [Dante open up [Dante opens the Utest page]], When he filled out the registration from on the utest website
| strFirstName | strLastName | strEmail | strBirthMonth | strBirthDay | strBirthYear | strLanguage | strPostalCode | strPassword | strConfirmPassword |
| Jose | Santamaria | alefuedbz21@gmail.com | January | 1 | 1996 | Spanish | 507 | Jose210596 | Jose210596 | [Dante register on utest [Dante clicks on button that show the from to join up, Dante enters 'Jose' into Where do write his first name, Dante enters 'Santamaria' into Where do write his last name, Dante enters 'alefuedbz21@gmail.com' into Where do write his email, Dante select January on Where do select his birth month, Dante select 1 on Where do select his birth day, Dante select 1996 on Where do select his birth year, Dante enters 'Spanish' into Where do select his language]]
[Test worker] WARN net.thucydides.core.steps.BaseStepListener - stepStarted: net.thucydides.core.steps.ExecutedStepDescription@3c802ff
[Test worker] WARN net.thucydides.core.steps.BaseStepListener - stepFinished: current outcome:Create user on the utest website:Given that Dante wants create user on utest website and enters the page [Dante open up [Dante opens the Utest page]], When he filled out the registration from on the utest website
| strFirstName | strLastName | strEmail | strBirthMonth | strBirthDay | strBirthYear | strLanguage | strPostalCode | strPassword | strConfirmPassword |
| Jose | Santamaria | alefuedbz21@gmail.com | January | 1 | 1996 | Spanish | 507 | Jose210596 | Jose210596 | [Dante register on utest [Dante clicks on button that show the from to join up, Dante enters 'Jose' into Where do write his first name, Dante enters 'Santamaria' into Where do write his last name, Dante enters 'alefuedbz21@gmail.com' into Where do write his email, Dante select January on Where do select his birth month, Dante select 1 on Where do select his birth day, Dante select 1996 on Where do select his birth year, Dante enters 'Spanish' into Where do select his language, Dante clicks on Where do click to go the next form]]
[Test worker] WARN net.thucydides.core.steps.BaseStepListener - stepStarted: net.thucydides.core.steps.ExecutedStepDescription@1c20263c
[Test worker] WARN net.thucydides.core.steps.BaseStepListener - stepFinished: current outcome:Create user on the utest website:Given that Dante wants create user on utest website and enters the page [Dante open up [Dante opens the Utest page]], When he filled out the registration from on the utest website
| strFirstName | strLastName | strEmail | strBirthMonth | strBirthDay | strBirthYear | strLanguage | strPostalCode | strPassword | strConfirmPassword |
| Jose | Santamaria | alefuedbz21@gmail.com | January | 1 | 1996 | Spanish | 507 | Jose210596 | Jose210596 | [Dante register on utest [Dante clicks on button that show the from to join up, Dante enters 'Jose' into Where do write his first name, Dante enters 'Santamaria' into Where do write his last name, Dante enters 'alefuedbz21@gmail.com' into Where do write his email, Dante select January on Where do select his birth month, Dante select 1 on Where do select his birth day, Dante select 1996 on Where do select his birth year, Dante enters 'Spanish' into Where do select his language, Dante clicks on Where do click to go the next form, Dante enters '507' into Where do write his postal code]]
[Test worker] WARN net.thucydides.core.steps.BaseStepListener - stepStarted: net.thucydides.core.steps.ExecutedStepDescription@58e9c1a4
[Test worker] WARN net.thucydides.core.steps.BaseStepListener - stepFinished: current outcome:Create user on the utest website:Given that Dante wants create user on utest website and enters the page [Dante open up [Dante opens the Utest page]], When he filled out the registration from on the utest website
| strFirstName | strLastName | strEmail | strBirthMonth | strBirthDay | strBirthYear | strLanguage | strPostalCode | strPassword | strConfirmPassword |
| Jose | Santamaria | alefuedbz21@gmail.com | January | 1 | 1996 | Spanish | 507 | Jose210596 | Jose210596 | [Dante register on utest [Dante clicks on button that show the from to join up, Dante enters 'Jose' into Where do write his first name, Dante enters 'Santamaria' into Where do write his last name, Dante enters 'alefuedbz21@gmail.com' into Where do write his email, Dante select January on Where do select his birth month, Dante select 1 on Where do select his birth day, Dante select 1996 on Where do select his birth year, Dante enters 'Spanish' into Where do select his language, Dante clicks on Where do click to go the next form, Dante enters '507' into Where do write his postal code, Dante clicks on Where do click to go the next form]]
[Test worker] WARN net.thucydides.core.steps.BaseStepListener - stepStarted: net.thucydides.core.steps.ExecutedStepDescription@4e6b6ba
[Test worker] WARN net.thucydides.core.steps.BaseStepListener - stepFinished: current outcome:Create user on the utest website:Given that Dante wants create user on utest website and enters the page [Dante open up [Dante opens the Utest page]], When he filled out the registration from on the utest website
| strFirstName | strLastName | strEmail | strBirthMonth | strBirthDay | strBirthYear | strLanguage | strPostalCode | strPassword | strConfirmPassword |
| Jose | Santamaria | alefuedbz21@gmail.com | January | 1 | 1996 | Spanish | 507 | Jose210596 | Jose210596 | [Dante register on utest [Dante clicks on button that show the from to join up, Dante enters 'Jose' into Where do write his first name, Dante enters 'Santamaria' into Where do write his last name, Dante enters 'alefuedbz21@gmail.com' into Where do write his email, Dante select January on Where do select his birth month, Dante select 1 on Where do select his birth day, Dante select 1996 on Where do select his birth year, Dante enters 'Spanish' into Where do select his language, Dante clicks on Where do click to go the next form, Dante enters '507' into Where do write his postal code, Dante clicks on Where do click to go the next form, Dante clicks on Where do click to go the next form]]
[Test worker] WARN net.thucydides.core.steps.BaseStepListener - stepStarted: net.thucydides.core.steps.ExecutedStepDescription@64f3fbf8
[Test worker] WARN net.thucydides.core.steps.BaseStepListener - stepFinished: current outcome:Create user on the utest website:Given that Dante wants create user on utest website and enters the page [Dante open up [Dante opens the Utest page]], When he filled out the registration from on the utest website
| strFirstName | strLastName | strEmail | strBirthMonth | strBirthDay | strBirthYear | strLanguage | strPostalCode | strPassword | strConfirmPassword |
| Jose | Santamaria | alefuedbz21@gmail.com | January | 1 | 1996 | Spanish | 507 | Jose210596 | Jose210596 | [Dante register on utest [Dante clicks on button that show the from to join up, Dante enters 'Jose' into Where do write his first name, Dante enters 'Santamaria' into Where do write his last name, Dante enters 'alefuedbz21@gmail.com' into Where do write his email, Dante select January on Where do select his birth month, Dante select 1 on Where do select his birth day, Dante select 1996 on Where do select his birth year, Dante enters 'Spanish' into Where do select his language, Dante clicks on Where do click to go the next form, Dante enters '507' into Where do write his postal code, Dante clicks on Where do click to go the next form, Dante clicks on Where do click to go the next form, Dante enters 'Jose210596' into Where do write his password]]
[Test worker] WARN net.thucydides.core.steps.BaseStepListener - stepStarted: net.thucydides.core.steps.ExecutedStepDescription@5c78abaa
[Test worker] WARN net.thucydides.core.steps.BaseStepListener - stepFinished: current outcome:Create user on the utest website:Given that Dante wants create user on utest website and enters the page [Dante open up [Dante opens the Utest page]], When he filled out the registration from on the utest website
| strFirstName | strLastName | strEmail | strBirthMonth | strBirthDay | strBirthYear | strLanguage | strPostalCode | strPassword | strConfirmPassword |
| Jose | Santamaria | alefuedbz21@gmail.com | January | 1 | 1996 | Spanish | 507 | Jose210596 | Jose210596 | [Dante register on utest [Dante clicks on button that show the from to join up, Dante enters 'Jose' into Where do write his first name, Dante enters 'Santamaria' into Where do write his last name, Dante enters 'alefuedbz21@gmail.com' into Where do write his email, Dante select January on Where do select his birth month, Dante select 1 on Where do select his birth day, Dante select 1996 on Where do select his birth year, Dante enters 'Spanish' into Where do select his language, Dante clicks on Where do click to go the next form, Dante enters '507' into Where do write his postal code, Dante clicks on Where do click to go the next form, Dante clicks on Where do click to go the next form, Dante enters 'Jose210596' into Where do write his password, Dante enters 'Jose210596' into Where do write his password again]]
[Test worker] WARN net.thucydides.core.steps.BaseStepListener - stepStarted: net.thucydides.core.steps.ExecutedStepDescription@6a02fcda
[Test worker] WARN net.thucydides.core.steps.BaseStepListener - stepFinished: current outcome:Create user on the utest website:Given that Dante wants create user on utest website and enters the page [Dante open up [Dante opens the Utest page]], When he filled out the registration from on the utest website
| strFirstName | strLastName | strEmail | strBirthMonth | strBirthDay | strBirthYear | strLanguage | strPostalCode | strPassword | strConfirmPassword |
| Jose | Santamaria | alefuedbz21@gmail.com | January | 1 | 1996 | Spanish | 507 | Jose210596 | Jose210596 | [Dante register on utest [Dante clicks on button that show the from to join up, Dante enters 'Jose' into Where do write his first name, Dante enters 'Santamaria' into Where do write his last name, Dante enters 'alefuedbz21@gmail.com' into Where do write his email, Dante select January on Where do select his birth month, Dante select 1 on Where do select his birth day, Dante select 1996 on Where do select his birth year, Dante enters 'Spanish' into Where do select his language, Dante clicks on Where do click to go the next form, Dante enters '507' into Where do write his postal code, Dante clicks on Where do click to go the next form, Dante clicks on Where do click to go the next form, Dante enters 'Jose210596' into Where do write his password, Dante enters 'Jose210596' into Where do write his password again, Dante clicks on Where do accept the utest terms of use]]
[Test worker] WARN net.thucydides.core.steps.BaseStepListener - stepStarted: net.thucydides.core.steps.ExecutedStepDescription@35b1268d
[Test worker] WARN net.thucydides.core.steps.BaseStepListener - stepFinished: current outcome:Create user on the utest website:Given that Dante wants create user on utest website and enters the page [Dante open up [Dante opens the Utest page]], When he filled out the registration from on the utest website
| strFirstName | strLastName | strEmail | strBirthMonth | strBirthDay | strBirthYear | strLanguage | strPostalCode | strPassword | strConfirmPassword |
| Jose | Santamaria | alefuedbz21@gmail.com | January | 1 | 1996 | Spanish | 507 | Jose210596 | Jose210596 | [Dante register on utest [Dante clicks on button that show the from to join up, Dante enters 'Jose' into Where do write his first name, Dante enters 'Santamaria' into Where do write his last name, Dante enters 'alefuedbz21@gmail.com' into Where do write his email, Dante select January on Where do select his birth month, Dante select 1 on Where do select his birth day, Dante select 1996 on Where do select his birth year, Dante enters 'Spanish' into Where do select his language, Dante clicks on Where do click to go the next form, Dante enters '507' into Where do write his postal code, Dante clicks on Where do click to go the next form, Dante clicks on Where do click to go the next form, Dante enters 'Jose210596' into Where do write his password, Dante enters 'Jose210596' into Where do write his password again, Dante clicks on Where do accept the utest terms of use, Dante clicks on Where do accept the privacy & security policy]]
[Test worker] WARN net.thucydides.core.steps.BaseStepListener - stepFinished: current outcome:Create user on the utest website:Given that Dante wants create user on utest website and enters the page [Dante open up [Dante opens the Utest page]], When he filled out the registration from on the utest website
| strFirstName | strLastName | strEmail | strBirthMonth | strBirthDay | strBirthYear | strLanguage | strPostalCode | strPassword | strConfirmPassword |
| Jose | Santamaria | alefuedbz21@gmail.com | January | 1 | 1996 | Spanish | 507 | Jose210596 | Jose210596 | [Dante register on utest [Dante clicks on button that show the from to join up, Dante enters 'Jose' into Where do write his first name, Dante enters 'Santamaria' into Where do write his last name, Dante enters 'alefuedbz21@gmail.com' into Where do write his email, Dante select January on Where do select his birth month, Dante select 1 on Where do select his birth day, Dante select 1996 on Where do select his birth year, Dante enters 'Spanish' into Where do select his language, Dante clicks on Where do click to go the next form, Dante enters '507' into Where do write his postal code, Dante clicks on Where do click to go the next form, Dante clicks on Where do click to go the next form, Dante enters 'Jose210596' into Where do write his password, Dante enters 'Jose210596' into Where do write his password again, Dante clicks on Where do accept the utest terms of use, Dante clicks on Where do accept the privacy & security policy]]
[Test worker] WARN net.thucydides.core.steps.BaseStepListener - stepFinished: current outcome:Create user on the utest website:Given that Dante wants create user on utest website and enters the page [Dante open up [Dante opens the Utest page]], When he filled out the registration from on the utest website
| strFirstName | strLastName | strEmail | strBirthMonth | strBirthDay | strBirthYear | strLanguage | strPostalCode | strPassword | strConfirmPassword |
| Jose | Santamaria | alefuedbz21@gmail.com | January | 1 | 1996 | Spanish | 507 | Jose210596 | Jose210596 | [Dante register on utest [Dante clicks on button that show the from to join up, Dante enters 'Jose' into Where do write his first name, Dante enters 'Santamaria' into Where do write his last name, Dante enters 'alefuedbz21@gmail.com' into Where do write his email, Dante select January on Where do select his birth month, Dante select 1 on Where do select his birth day, Dante select 1996 on Where do select his birth year, Dante enters 'Spanish' into Where do select his language, Dante clicks on Where do click to go the next form, Dante enters '507' into Where do write his postal code, Dante clicks on Where do click to go the next form, Dante clicks on Where do click to go the next form, Dante enters 'Jose210596' into Where do write his password, Dante enters 'Jose210596' into Where do write his password again, Dante clicks on Where do accept the utest terms of use, Dante clicks on Where do accept the privacy & security policy]]
[Test worker] WARN net.thucydides.core.steps.BaseStepListener - stepStarted: net.thucydides.core.steps.ExecutedStepDescription@643e1c99
[Test worker] WARN net.thucydides.core.steps.BaseStepListener - stepStarted: net.thucydides.core.steps.ExecutedStepDescription@37bad3d7
[Test worker] WARN net.thucydides.core.steps.BaseStepListener - stepFinished: current outcome:Create user on the utest website:Given that Dante wants create user on utest website and enters the page [Dante open up [Dante opens the Utest page]], When he filled out the registration from on the utest website
| strFirstName | strLastName | strEmail | strBirthMonth | strBirthDay | strBirthYear | strLanguage | strPostalCode | strPassword | strConfirmPassword |
| Jose | Santamaria | alefuedbz21@gmail.com | January | 1 | 1996 | Spanish | 507 | Jose210596 | Jose210596 | [Dante register on utest [Dante clicks on button that show the from to join up, Dante enters 'Jose' into Where do write his first name, Dante enters 'Santamaria' into Where do write his last name, Dante enters 'alefuedbz21@gmail.com' into Where do write his email, Dante select January on Where do select his birth month, Dante select 1 on Where do select his birth day, Dante select 1996 on Where do select his birth year, Dante enters 'Spanish' into Where do select his language, Dante clicks on Where do click to go the next form, Dante enters '507' into Where do write his postal code, Dante clicks on Where do click to go the next form, Dante clicks on Where do click to go the next form, Dante enters 'Jose210596' into Where do write his password, Dante enters 'Jose210596' into Where do write his password again, Dante clicks on Where do accept the utest terms of use, Dante clicks on Where do accept the privacy & security policy]], Then he verify that the user is create successfully and verify The last step [Then answer]
[Test worker] WARN net.thucydides.core.steps.BaseStepListener - stepFinished: current outcome:Create user on the utest website:Given that Dante wants create user on utest website and enters the page [Dante open up [Dante opens the Utest page]], When he filled out the registration from on the utest website
| strFirstName | strLastName | strEmail | strBirthMonth | strBirthDay | strBirthYear | strLanguage | strPostalCode | strPassword | strConfirmPassword |
| Jose | Santamaria | alefuedbz21@gmail.com | January | 1 | 1996 | Spanish | 507 | Jose210596 | Jose210596 | [Dante register on utest [Dante clicks on button that show the from to join up, Dante enters 'Jose' into Where do write his first name, Dante enters 'Santamaria' into Where do write his last name, Dante enters 'alefuedbz21@gmail.com' into Where do write his email, Dante select January on Where do select his birth month, Dante select 1 on Where do select his birth day, Dante select 1996 on Where do select his birth year, Dante enters 'Spanish' into Where do select his language, Dante clicks on Where do click to go the next form, Dante enters '507' into Where do write his postal code, Dante clicks on Where do click to go the next form, Dante clicks on Where do click to go the next form, Dante enters 'Jose210596' into Where do write his password, Dante enters 'Jose210596' into Where do write his password again, Dante clicks on Where do accept the utest terms of use, Dante clicks on Where do accept the privacy & security policy]], Then he verify that the user is create successfully and verify The last step [Then answer]
[Test worker] WARN net.thucydides.core.steps.BaseStepListener - testFinished: Create user on the utest website:Given that Dante wants create user on utest website and enters the page [Dante open up [Dante opens the Utest page]], When he filled out the registration from on the utest website
| strFirstName | strLastName | strEmail | strBirthMonth | strBirthDay | strBirthYear | strLanguage | strPostalCode | strPassword | strConfirmPassword |
| Jose | Santamaria | alefuedbz21@gmail.com | January | 1 | 1996 | Spanish | 507 | Jose210596 | Jose210596 | [Dante register on utest [Dante clicks on button that show the from to join up, Dante enters 'Jose' into Where do write his first name, Dante enters 'Santamaria' into Where do write his last name, Dante enters 'alefuedbz21@gmail.com' into Where do write his email, Dante select January on Where do select his birth month, Dante select 1 on Where do select his birth day, Dante select 1996 on Where do select his birth year, Dante enters 'Spanish' into Where do select his language, Dante clicks on Where do click to go the next form, Dante enters '507' into Where do write his postal code, Dante clicks on Where do click to go the next form, Dante clicks on Where do click to go the next form, Dante enters 'Jose210596' into Where do write his password, Dante enters 'Jose210596' into Where do write his password again, Dante clicks on Where do accept the utest terms of use, Dante clicks on Where do accept the privacy & security policy]], Then he verify that the user is create successfully and verify The last step [Then answer]
[Test worker] WARN net.thucydides.core.steps.BaseStepListener - TestOutcomes: [Create user on the utest website:Given that Dante wants create user on utest website and enters the page [Dante open up [Dante opens the Utest page]], When he filled out the registration from on the utest website
| strFirstName | strLastName | strEmail | strBirthMonth | strBirthDay | strBirthYear | strLanguage | strPostalCode | strPassword | strConfirmPassword |
| Jose | Santamaria | alefuedbz21@gmail.com | January | 1 | 1996 | Spanish | 507 | Jose210596 | Jose210596 | [Dante register on utest [Dante clicks on button that show the from to join up, Dante enters 'Jose' into Where do write his first name, Dante enters 'Santamaria' into Where do write his last name, Dante enters 'alefuedbz21@gmail.com' into Where do write his email, Dante select January on Where do select his birth month, Dante select 1 on Where do select his birth day, Dante select 1996 on Where do select his birth year, Dante enters 'Spanish' into Where do select his language, Dante clicks on Where do click to go the next form, Dante enters '507' into Where do write his postal code, Dante clicks on Where do click to go the next form, Dante clicks on Where do click to go the next form, Dante enters 'Jose210596' into Where do write his password, Dante enters 'Jose210596' into Where do write his password again, Dante clicks on Where do accept the utest terms of use, Dante clicks on Where do accept the privacy & security policy]], Then he verify that the user is create successfully and verify The last step [Then answer]]
[Test worker] WARN net.thucydides.core.steps.BaseStepListener - Final testOutcomes: [Create user on the utest website:Given that Dante wants create user on utest website and enters the page [Dante open up [Dante opens the Utest page]], When he filled out the registration from on the utest website
| strFirstName | strLastName | strEmail | strBirthMonth | strBirthDay | strBirthYear | strLanguage | strPostalCode | strPassword | strConfirmPassword |
| Jose | Santamaria | alefuedbz21@gmail.com | January | 1 | 1996 | Spanish | 507 | Jose210596 | Jose210596 | [Dante register on utest [Dante clicks on button that show the from to join up, Dante enters 'Jose' into Where do write his first name, Dante enters 'Santamaria' into Where do write his last name, Dante enters 'alefuedbz21@gmail.com' into Where do write his email, Dante select January on Where do select his birth month, Dante select 1 on Where do select his birth day, Dante select 1996 on Where do select his birth year, Dante enters 'Spanish' into Where do select his language, Dante clicks on Where do click to go the next form, Dante enters '507' into Where do write his postal code, Dante clicks on Where do click to go the next form, Dante clicks on Where do click to go the next form, Dante enters 'Jose210596' into Where do write his password, Dante enters 'Jose210596' into Where do write his password again, Dante clicks on Where do accept the utest terms of use, Dante clicks on Where do accept the privacy & security policy]], Then he verify that the user is create successfully and verify The last step [Then answer]]
[Test worker] INFO net.thucydides.core.steps.ConsoleLoggingListener - 
        __    _____ _____ ____ _____   ____   _    ____  ____  _____ ____  
  _     \ \  |_   _| ____/ ___|_   _| |  _ \ / \  / ___|/ ___|| ____|  _ \ 
 (_)_____| |   | | |  _| \___ \ | |   | |_) / _ \ \___ \\___ \|  _| | | | |
  _|_____| |   | | | |___ ___) || |   |  __/ ___ \ ___) |___) | |___| |_| |
 (_)     | |   |_| |_____|____/ |_|   |_| /_/   \_\____/|____/|_____|____/ 
        /_/                                                                

TEST PASSED: Create user on the utest website
----------------------------------------------------------------------------
]]></system-err>
</testsuite>
